2023-11-22 17:45:12,532 INFO c.e.d.Demo1Application [main] Starting Demo1Application using Java 17.0.7 with PID 19712 (C:\Spring_worksplace\workspace1\Demo1\target\classes started by SadaqatKhan in C:\Spring_worksplace\workspace1\Demo1)
2023-11-22 17:45:12,550 INFO c.e.d.Demo1Application [main] No active profile set, falling back to 1 default profile: "default"
2023-11-22 17:45:14,594 INFO c.e.d.Demo1Application [main] Started Demo1Application in 2.615 seconds (process running for 5.447)
2023-11-22 17:45:14,594 INFO c.e.d.Demo1Application [main] ------------inf()-----------
20:09:30.092 [main] INFO  com.example.demo.Demo1Application - Starting Demo1Application using Java 17.0.7 with PID 11284 (C:\Spring_worksplace\workspace1\Demo1\target\classes started by SadaqatKhan in C:\Spring_worksplace\workspace1\Demo1)
20:09:30.109 [main] INFO  com.example.demo.Demo1Application - No active profile set, falling back to 1 default profile: "default"
20:09:31.717 [main] INFO  com.example.demo.Demo1Application - Started Demo1Application in 2.019 seconds (process running for 4.368)
20:09:31.722 [main] INFO  com.example.demo.Demo1Application - ------------inf()-----------
20:10:10.113 [http-nio-8010-exec-1] INFO  com.example.demo.PersonController - Person List [Person{firstName='****', lastName='****', age=****, creditCardNumber=****, address='ABC XYZ Street'}, Person{firstName='****', lastName='****', age=****, creditCardNumber=****, address='MNO PQR Street'}]
20:10:10.162 [http-nio-8010-exec-1] INFO  com.example.demo.PersonController - Person List - JSON output [{"firstName":"****","lastName":"****","age":****,"creditCardNumber":****,"address":"ABC XYZ Street"},{"firstName":"****","lastName":"****","age":****,"creditCardNumber":****,"address":"MNO PQR Street"}]
20:12:55.920 [main] INFO  com.example.demo.Demo1Application - Starting Demo1Application using Java 17.0.7 with PID 15108 (C:\Spring_worksplace\workspace1\Demo1\target\classes started by SadaqatKhan in C:\Spring_worksplace\workspace1\Demo1)
20:12:55.933 [main] INFO  com.example.demo.Demo1Application - No active profile set, falling back to 1 default profile: "default"
20:12:57.445 [main] INFO  com.example.demo.Demo1Application - Started Demo1Application in 1.943 seconds (process running for 2.775)
20:12:57.447 [main] INFO  com.example.demo.Demo1Application - ------------inf()-----------
20:13:11.047 [http-nio-8010-exec-1] INFO  com.example.demo.PersonController - Person List [Person{firstName='****', lastName='****', age=****, creditCardNumber=****, address='ABC XYZ Street'}, Person{firstName='****', lastName='****', age=****, creditCardNumber=****, address='MNO PQR Street'}]
20:13:11.103 [http-nio-8010-exec-1] INFO  com.example.demo.PersonController - Person List - JSON output [{"firstName":"****","lastName":"****","age":****,"creditCardNumber":****,"address":"ABC XYZ Street"},{"firstName":"****","lastName":"****","age":****,"creditCardNumber":****,"address":"MNO PQR Street"}]
20:13:43.402 [http-nio-8010-exec-2] INFO  com.example.demo.PersonController - Person List [Person{firstName='****', lastName='****', age=****, creditCardNumber=****, address='ABC XYZ Street'}, Person{firstName='****', lastName='****', age=****, creditCardNumber=****, address='MNO PQR Street'}]
20:13:43.406 [http-nio-8010-exec-2] INFO  com.example.demo.PersonController - Person List - JSON output [{"firstName":"****","lastName":"****","age":****,"creditCardNumber":****,"address":"ABC XYZ Street"},{"firstName":"****","lastName":"****","age":****,"creditCardNumber":****,"address":"MNO PQR Street"}]
20:18:22.366 [main] INFO  com.example.demo.Demo1Application - Starting Demo1Application using Java 17.0.7 with PID 2680 (C:\Spring_worksplace\workspace1\Demo1\target\classes started by SadaqatKhan in C:\Spring_worksplace\workspace1\Demo1)
20:18:22.386 [main] INFO  com.example.demo.Demo1Application - No active profile set, falling back to 1 default profile: "default"
20:18:25.647 [main] INFO  com.example.demo.Demo1Application - Started Demo1Application in 4.279 seconds (process running for 9.219)
20:18:25.654 [main] INFO  com.example.demo.Demo1Application - ------------inf()-----------
20:18:33.419 [http-nio-8010-exec-1] INFO  com.example.demo.PersonController - Person List [Person{firstName='****', lastName='****', age=****, creditCardNumber=****, address='ABC XYZ Street'}, Person{firstName='****', lastName='****', age=****, creditCardNumber=****, address='MNO PQR Street'}]
20:18:33.581 [http-nio-8010-exec-1] INFO  com.example.demo.PersonController - Person List - JSON output [{"firstName":"****","lastName":"****","age":****,"creditCardNumber":****,"address":"ABC XYZ Street"},{"firstName":"****","lastName":"****","age":****,"creditCardNumber":****,"address":"MNO PQR Street"}]
20:20:27.465 [main] INFO  com.example.demo.Demo1Application - Starting Demo1Application using Java 17.0.7 with PID 15968 (C:\Spring_worksplace\workspace1\Demo1\target\classes started by SadaqatKhan in C:\Spring_worksplace\workspace1\Demo1)
20:20:27.495 [main] INFO  com.example.demo.Demo1Application - No active profile set, falling back to 1 default profile: "default"
20:20:30.570 [main] INFO  com.example.demo.Demo1Application - Started Demo1Application in 4.185 seconds (process running for 6.544)
20:20:30.579 [main] INFO  com.example.demo.Demo1Application - ------------inf()-----------
20:20:37.229 [http-nio-8010-exec-1] INFO  com.example.demo.controller.PersonController - Person List [Person{firstName='****', lastName='****', age=****, creditCardNumber=****, address='ABC XYZ Street'}, Person{firstName='****', lastName='****', age=****, creditCardNumber=****, address='MNO PQR Street'}]
20:20:37.362 [http-nio-8010-exec-1] INFO  com.example.demo.controller.PersonController - Person List - JSON output [{"firstName":"****","lastName":"****","age":****,"creditCardNumber":****,"address":"ABC XYZ Street"},{"firstName":"****","lastName":"****","age":****,"creditCardNumber":****,"address":"MNO PQR Street"}]
20:25:17.837 [main] INFO  com.example.demo.Demo1Application - Starting Demo1Application using Java 17.0.7 with PID 11516 (C:\Spring_worksplace\workspace1\Demo1\target\classes started by SadaqatKhan in C:\Spring_worksplace\workspace1\Demo1)
20:27:06.536 [main] INFO  com.example.demo.Demo1Application - No active profile set, falling back to 1 default profile: "default"
20:28:05.151 [http-nio-8010-exec-4] INFO  com.example.demo.controller.PersonController - Person List [Person{firstName='****', lastName='****', age=****, creditCardNumber=****, address='ABC XYZ Street'}, Person{firstName='****', lastName='****', age=****, creditCardNumber=****, address='MNO PQR Street'}]
20:28:05.161 [http-nio-8010-exec-4] INFO  com.example.demo.controller.PersonController - Person List - JSON output [{"firstName":"****","lastName":"****","age":****,"creditCardNumber":****,"address":"ABC XYZ Street"},{"firstName":"****","lastName":"****","age":****,"creditCardNumber":****,"address":"MNO PQR Street"}]
20:28:29.714 [http-nio-8010-exec-5] INFO  com.example.demo.controller.PersonController - Person List [Person{firstName='****', lastName='****', age=****, creditCardNumber=****, address='ABC XYZ Street'}, Person{firstName='****', lastName='****', age=****, creditCardNumber=****, address='MNO PQR Street'}]
20:28:29.724 [http-nio-8010-exec-5] INFO  com.example.demo.controller.PersonController - Person List - JSON output [{"firstName":"****","lastName":"****","age":****,"creditCardNumber":****,"address":"ABC XYZ Street"},{"firstName":"****","lastName":"****","age":****,"creditCardNumber":****,"address":"MNO PQR Street"}]
20:32:34.327 [main] INFO  com.example.demo.Demo1Application - Starting Demo1Application using Java 17.0.7 with PID 18492 (C:\Spring_worksplace\workspace1\Demo1\target\classes started by SadaqatKhan in C:\Spring_worksplace\workspace1\Demo1)
20:32:34.359 [main] INFO  com.example.demo.Demo1Application - No active profile set, falling back to 1 default profile: "default"
20:32:37.475 [main] INFO  com.example.demo.Demo1Application - Started Demo1Application in 4.101 seconds (process running for 9.151)
20:32:37.485 [main] INFO  com.example.demo.Demo1Application - ------------inf()-----------
20:33:05.351 [http-nio-8010-exec-1] INFO  com.example.demo.controller.PersonController - Person List [Person{firstName='****', lastName='Bar', age=25, creditCardNumber=123456789, address='ABC XYZ Street'}, Person{firstName='****', lastName='Qux', age=30, creditCardNumber=987654321, address='MNO PQR Street'}]
20:33:05.510 [http-nio-8010-exec-1] INFO  com.example.demo.controller.PersonController - Person List - JSON output [{"firstName":"****","lastName":"Bar","age":25,"creditCardNumber":123456789,"address":"ABC XYZ Street"},{"firstName":"****","lastName":"Qux","age":30,"creditCardNumber":987654321,"address":"MNO PQR Street"}]
21:39:21.714 [main] INFO  com.example.demo.Demo1Application - Starting Demo1Application using Java 17.0.7 with PID 16308 (C:\Spring_worksplace\workspace1\Demo1\target\classes started by SadaqatKhan in C:\Spring_worksplace\workspace1\Demo1)
21:39:21.730 [main] INFO  com.example.demo.Demo1Application - No active profile set, falling back to 1 default profile: "default"
21:39:23.769 [main] INFO  com.example.demo.Demo1Application - Started Demo1Application in 2.507 seconds (process running for 4.733)
21:39:23.789 [main] INFO  com.example.demo.Demo1Application - ------------inf()-----------
21:39:41.458 [http-nio-8010-exec-1] INFO  com.example.demo.controller.PersonController - Person List [Person{firstName='****', lastName='****', age=****, creditCardNumber=****, address='ABC XYZ Street'}, Person{firstName='****', lastName='****', age=****, creditCardNumber=****, address='MNO PQR Street'}]
21:39:41.516 [http-nio-8010-exec-1] INFO  com.example.demo.controller.PersonController - Person List - JSON output [{"firstName":"****","lastName":"****","age":****,"creditCardNumber":****,"address":"ABC XYZ Street"},{"firstName":"****","lastName":"****","age":****,"creditCardNumber":****,"address":"MNO PQR Street"}]
21:42:35.679 [main] INFO  com.example.demo.Demo1Application - Starting Demo1Application using Java 17.0.7 with PID 22416 (C:\Spring_worksplace\workspace1\Demo1\target\classes started by SadaqatKhan in C:\Spring_worksplace\workspace1\Demo1)
21:42:35.695 [main] INFO  com.example.demo.Demo1Application - No active profile set, falling back to 1 default profile: "default"
21:42:37.240 [main] INFO  com.example.demo.Demo1Application - Started Demo1Application in 1.978 seconds (process running for 2.869)
21:42:37.249 [main] INFO  com.example.demo.Demo1Application - Person Data {}Person{firstName='****', lastName='****', age=****, creditCardNumber=****, address='ABC XYZ Street'}
21:43:02.387 [http-nio-8010-exec-1] INFO  com.example.demo.controller.PersonController - Person List [Person{firstName='****', lastName='****', age=****, creditCardNumber=****, address='ABC XYZ Street'}, Person{firstName='****', lastName='****', age=****, creditCardNumber=****, address='MNO PQR Street'}]
21:43:02.424 [http-nio-8010-exec-1] INFO  com.example.demo.controller.PersonController - Person List - JSON output [{"firstName":"****","lastName":"****","age":****,"creditCardNumber":****,"address":"ABC XYZ Street"},{"firstName":"****","lastName":"****","age":****,"creditCardNumber":****,"address":"MNO PQR Street"}]
14:35:32.856 [main] INFO  com.example.demo.Demo1Application - Starting Demo1Application using Java 17.0.7 with PID 13504 (C:\Spring_worksplace\workspace1\Demo1\target\classes started by SadaqatKhan in C:\Spring_worksplace\workspace1\Demo1)
14:35:32.872 [main] INFO  com.example.demo.Demo1Application - No active profile set, falling back to 1 default profile: "default"
14:35:34.861 [main] INFO  com.example.demo.Demo1Application - Started Demo1Application in 2.423 seconds (process running for 3.344)
14:35:34.868 [main] INFO  com.example.demo.Demo1Application - Person Data {}Person{firstName='****', lastName='****', age=****, creditCardNumber=****, address='ABC XYZ Street'}
14:36:27.605 [http-nio-8010-exec-3] INFO  com.example.demo.controller.PersonController - Person List [Person{firstName='****', lastName='****', age=****, creditCardNumber=****, address='ABC XYZ Street'}, Person{firstName='****', lastName='****', age=****, creditCardNumber=****, address='MNO PQR Street'}]
14:36:27.657 [http-nio-8010-exec-3] INFO  com.example.demo.controller.PersonController - Person List - JSON output [{"firstName":"****","lastName":"****","age":****,"creditCardNumber":****,"address":"ABC XYZ Street"},{"firstName":"****","lastName":"****","age":****,"creditCardNumber":****,"address":"MNO PQR Street"}]
14:41:00.955 [main] INFO  com.example.demo.Demo1Application - Starting Demo1Application using Java 17.0.7 with PID 23424 (C:\Spring_worksplace\workspace1\Demo1\target\classes started by SadaqatKhan in C:\Spring_worksplace\workspace1\Demo1)
14:41:00.974 [main] INFO  com.example.demo.Demo1Application - No active profile set, falling back to 1 default profile: "default"
14:41:02.691 [main] INFO  com.example.demo.Demo1Application - Started Demo1Application in 2.128 seconds (process running for 2.974)
14:41:02.698 [main] INFO  com.example.demo.Demo1Application - Person Data {}Person{firstName='****', lastName='****', age=****, creditCardNumber=****, address='ABC XYZ Street'}
14:41:02.701 [main] INFO  com.example.demo.Demo1Application - json{
"name":"MAC",
"description":"Cool",
"price":"1200",
"couponCode":"SUPERSALE"
}
14:44:36.211 [main] INFO  com.example.demo.Demo1Application - Starting Demo1Application using Java 17.0.7 with PID 14176 (C:\Spring_worksplace\workspace1\Demo1\target\classes started by SadaqatKhan in C:\Spring_worksplace\workspace1\Demo1)
14:44:36.228 [main] INFO  com.example.demo.Demo1Application - No active profile set, falling back to 1 default profile: "default"
14:44:37.768 [main] INFO  com.example.demo.Demo1Application - Started Demo1Application in 1.991 seconds (process running for 2.849)
14:44:37.775 [main] INFO  com.example.demo.Demo1Application - Person Data {}Person{firstName='****', lastName='****', age=****, creditCardNumber=****, address='ABC XYZ Street'}
14:44:37.776 [main] INFO  com.example.demo.Demo1Application - json{
"name":"MAC",
"description":"Cool",
"price":"1200",
"couponCode":"SUPERSALE"
}
14:45:22.829 [main] INFO  com.example.demo.Demo1Application - Starting Demo1Application using Java 17.0.7 with PID 21208 (C:\Spring_worksplace\workspace1\Demo1\target\classes started by SadaqatKhan in C:\Spring_worksplace\workspace1\Demo1)
14:45:22.842 [main] INFO  com.example.demo.Demo1Application - No active profile set, falling back to 1 default profile: "default"
14:45:24.840 [main] INFO  com.example.demo.Demo1Application - Started Demo1Application in 2.447 seconds (process running for 3.301)
14:45:24.849 [main] INFO  com.example.demo.Demo1Application - Person Data {}Person{firstName='****', lastName='****', age=****, creditCardNumber=****, address='ABC XYZ Street'}
14:45:24.851 [main] INFO  com.example.demo.Demo1Application - json{
"firstName":"****",
"description":"Cool",
"price":"1200",
"couponCode":"SUPERSALE"
}
14:46:07.076 [main] INFO  com.example.demo.Demo1Application - Starting Demo1Application using Java 17.0.7 with PID 15880 (C:\Spring_worksplace\workspace1\Demo1\target\classes started by SadaqatKhan in C:\Spring_worksplace\workspace1\Demo1)
14:46:07.094 [main] INFO  com.example.demo.Demo1Application - No active profile set, falling back to 1 default profile: "default"
14:46:08.665 [main] INFO  com.example.demo.Demo1Application - Started Demo1Application in 2.006 seconds (process running for 2.87)
14:46:08.670 [main] INFO  com.example.demo.Demo1Application - Person Data {}Person{firstName='****', lastName='****', age=****, creditCardNumber=****, address='ABC XYZ Street'}
14:46:08.671 [main] INFO  com.example.demo.Demo1Application - json{
"firstName":"****",
"description":"Cool",
"price":"1200",
"couponCode":"SUPERSALE"
}
19:43:48.788 [main] INFO  com.example.demo.Demo1Application - Starting Demo1Application using Java 17.0.7 with PID 13356 (C:\Spring_worksplace\workspace1\Demo1\target\classes started by SadaqatKhan in C:\Spring_worksplace\workspace1\Demo1)
19:43:48.814 [main] INFO  com.example.demo.Demo1Application - No active profile set, falling back to 1 default profile: "default"
19:43:50.691 [main] INFO  com.example.demo.Demo1Application - Started Demo1Application in 2.386 seconds (process running for 5.381)
19:43:50.703 [main] INFO  com.example.demo.Demo1Application - Person Data {}Person{firstName='****', lastName='****', age=****, creditCardNumber=****, address='ABC XYZ Street'}
19:43:50.705 [main] INFO  com.example.demo.Demo1Application - firstName=rahul
19:44:24.680 [main] INFO  com.example.demo.Demo1Application - Starting Demo1Application using Java 17.0.7 with PID 21896 (C:\Spring_worksplace\workspace1\Demo1\target\classes started by SadaqatKhan in C:\Spring_worksplace\workspace1\Demo1)
19:44:24.696 [main] INFO  com.example.demo.Demo1Application - No active profile set, falling back to 1 default profile: "default"
19:44:26.291 [main] INFO  com.example.demo.Demo1Application - Started Demo1Application in 2.035 seconds (process running for 2.984)
19:44:26.297 [main] INFO  com.example.demo.Demo1Application - Person Data {}Person{firstName='****', lastName='****', age=****, creditCardNumber=****, address='ABC XYZ Street'}
19:44:26.299 [main] INFO  com.example.demo.Demo1Application - firstName='****'
19:45:07.871 [main] INFO  com.example.demo.Demo1Application - Starting Demo1Application using Java 17.0.7 with PID 15636 (C:\Spring_worksplace\workspace1\Demo1\target\classes started by SadaqatKhan in C:\Spring_worksplace\workspace1\Demo1)
19:45:07.893 [main] INFO  com.example.demo.Demo1Application - No active profile set, falling back to 1 default profile: "default"
19:45:10.229 [main] INFO  com.example.demo.Demo1Application - Started Demo1Application in 2.867 seconds (process running for 3.775)
19:45:10.244 [main] INFO  com.example.demo.Demo1Application - Person Data {}Person{firstName='****', lastName='****', age=****, creditCardNumber=****, address='ABC XYZ Street'}
19:45:10.248 [main] INFO  com.example.demo.Demo1Application - firstName:'rahul'
19:45:45.201 [main] INFO  com.example.demo.Demo1Application - Starting Demo1Application using Java 17.0.7 with PID 808 (C:\Spring_worksplace\workspace1\Demo1\target\classes started by SadaqatKhan in C:\Spring_worksplace\workspace1\Demo1)
19:45:45.214 [main] INFO  com.example.demo.Demo1Application - No active profile set, falling back to 1 default profile: "default"
19:45:46.739 [main] INFO  com.example.demo.Demo1Application - Started Demo1Application in 1.936 seconds (process running for 2.759)
19:45:46.745 [main] INFO  com.example.demo.Demo1Application - Person Data {}Person{firstName='****', lastName='****', age=****, creditCardNumber=****, address='ABC XYZ Street'}
19:45:46.746 [main] INFO  com.example.demo.Demo1Application - firstName='****'
19:46:17.023 [main] INFO  com.example.demo.Demo1Application - Starting Demo1Application using Java 17.0.7 with PID 23300 (C:\Spring_worksplace\workspace1\Demo1\target\classes started by SadaqatKhan in C:\Spring_worksplace\workspace1\Demo1)
19:46:17.038 [main] INFO  com.example.demo.Demo1Application - No active profile set, falling back to 1 default profile: "default"
19:46:18.617 [main] INFO  com.example.demo.Demo1Application - Started Demo1Application in 2.012 seconds (process running for 2.84)
19:46:18.620 [main] INFO  com.example.demo.Demo1Application - Person Data {}Person{firstName='****', lastName='****', age=****, creditCardNumber=****, address='ABC XYZ Street'}
19:46:18.620 [main] INFO  com.example.demo.Demo1Application - firstName\='rahul'
19:47:23.453 [main] INFO  com.example.demo.Demo1Application - Starting Demo1Application using Java 17.0.7 with PID 15084 (C:\Spring_worksplace\workspace1\Demo1\target\classes started by SadaqatKhan in C:\Spring_worksplace\workspace1\Demo1)
19:47:23.467 [main] INFO  com.example.demo.Demo1Application - No active profile set, falling back to 1 default profile: "default"
19:47:25.147 [main] INFO  com.example.demo.Demo1Application - Started Demo1Application in 2.1 seconds (process running for 3.054)
19:47:25.154 [main] INFO  com.example.demo.Demo1Application - Person Data {}Person{firstName='****', lastName='****', age=****, creditCardNumber=****, address='ABC XYZ Street'}
19:47:25.157 [main] INFO  com.example.demo.Demo1Application - firstName\='rahul'
20:02:08.516 [main] INFO  com.example.demo.Demo1Application - Starting Demo1Application using Java 17.0.7 with PID 3976 (C:\Spring_worksplace\workspace1\Demo1\target\classes started by SadaqatKhan in C:\Spring_worksplace\workspace1\Demo1)
20:02:08.532 [main] INFO  com.example.demo.Demo1Application - No active profile set, falling back to 1 default profile: "default"
20:02:10.026 [main] INFO  com.example.demo.Demo1Application - Started Demo1Application in 1.927 seconds (process running for 2.784)
20:02:10.032 [main] INFO  com.example.demo.Demo1Application - Person Data {}Person{firstName='****', lastName='****', age=****, creditCardNumber=****, address='ABC XYZ Street'}
20:02:10.033 [main] INFO  com.example.demo.Demo1Application - firstName\='rahul'
20:18:48.358 [main] INFO  com.example.demo.Demo1Application - Starting Demo1Application using Java 17.0.7 with PID 13400 (C:\Spring_worksplace\workspace1\Demo1\target\classes started by SadaqatKhan in C:\Spring_worksplace\workspace1\Demo1)
20:18:48.375 [main] INFO  com.example.demo.Demo1Application - No active profile set, falling back to 1 default profile: "default"
20:18:49.870 [main] INFO  com.example.demo.Demo1Application - Started Demo1Application in 1.901 seconds (process running for 4.171)
20:18:49.883 [main] INFO  com.example.demo.Demo1Application - Person Data {}Person{firstName='****', lastName='****', age=****, creditCardNumber=****, address='ABC XYZ Street'}
20:18:49.884 [main] INFO  com.example.demo.Demo1Application - json{
"firstName":"****",
"description":"Cool",
"price":"1200",
"couponCode":"SUPERSALE"
}
20:20:59.813 [main] INFO  com.example.demo.Demo1Application - Starting Demo1Application using Java 17.0.7 with PID 13580 (C:\Spring_worksplace\workspace1\Demo1\target\classes started by SadaqatKhan in C:\Spring_worksplace\workspace1\Demo1)
20:20:59.839 [main] INFO  com.example.demo.Demo1Application - No active profile set, falling back to 1 default profile: "default"
20:21:01.648 [main] INFO  com.example.demo.Demo1Application - Started Demo1Application in 2.272 seconds (process running for 3.09)
20:21:01.648 [main] INFO  com.example.demo.Demo1Application - Person Data {}Person{firstName='****', lastName='****', age=****, creditCardNumber=****, address='ABC XYZ Street'}
20:21:01.648 [main] INFO  com.example.demo.Demo1Application - json{
"AccountNumber":"****",
"description":"Cool",
"price":"1200",
"couponCode":"SUPERSALE"
}
20:25:42.289 [main] INFO  com.example.demo.Demo1Application - Starting Demo1Application using Java 17.0.7 with PID 20104 (C:\Spring_worksplace\workspace1\Demo1\target\classes started by SadaqatKhan in C:\Spring_worksplace\workspace1\Demo1)
20:25:42.304 [main] INFO  com.example.demo.Demo1Application - No active profile set, falling back to 1 default profile: "default"
20:25:44.290 [main] INFO  com.example.demo.Demo1Application - Started Demo1Application in 2.547 seconds (process running for 3.902)
20:25:44.306 [main] INFO  com.example.demo.Demo1Application - Person Data {}Person{firstName='****', lastName='****', age=****, creditCardNumber=****, address='ABC XYZ Street'}
20:25:55.790 [main] INFO  com.example.demo.Demo1Application - json{
"AccountNumber":"****",
"description":"Cool",
"price":"1200",
"couponCode":"SUPERSALE"
}
20:45:54.430 [main] INFO  com.example.demo.Demo1Application - Starting Demo1Application using Java 17.0.7 with PID 6340 (C:\Spring_worksplace\workspace1\Demo1\target\classes started by SadaqatKhan in C:\Spring_worksplace\workspace1\Demo1)
20:45:54.456 [main] INFO  com.example.demo.Demo1Application - No active profile set, falling back to 1 default profile: "default"
20:45:56.096 [main] INFO  com.example.demo.Demo1Application - Started Demo1Application in 2.086 seconds (process running for 4.49)
20:45:56.102 [main] INFO  com.example.demo.Demo1Application - Person Data {}Person{firstName='****', lastName='****', age=****, creditCardNumber=****, address='ABC XYZ Street'}
20:45:56.104 [main] INFO  com.example.demo.Demo1Application - json{
"AccountNumber":"****",
"description":"Cool",
"price":"1200",
"couponCode":"SUPERSALE"
}
11:31:56.337 [main] INFO  com.example.demo.Demo1ApplicationTests - Starting Demo1ApplicationTests using Java 17.0.8 with PID 17020 (started by sadaq in E:\code_2023\masklog4japplicatio)
11:31:56.343 [main] INFO  com.example.demo.Demo1ApplicationTests - No active profile set, falling back to 1 default profile: "default"
11:31:57.166 [main] INFO  com.example.demo.Demo1ApplicationTests - Started Demo1ApplicationTests in 1.029 seconds (process running for 2.043)
11:32:11.132 [main] INFO  com.example.demo.Demo1Application - Starting Demo1Application using Java 17.0.8 with PID 21980 (E:\code_2023\masklog4japplicatio\target\classes started by sadaq in E:\code_2023\masklog4japplicatio)
11:32:11.144 [main] INFO  com.example.demo.Demo1Application - No active profile set, falling back to 1 default profile: "default"
11:32:12.627 [main] INFO  com.example.demo.Demo1Application - Started Demo1Application in 1.815 seconds (process running for 2.372)
11:32:12.637 [main] INFO  com.example.demo.Demo1Application - Person Data {}Person{firstName='FXXXXXX', lastName='BXXXXXX', age=20, creditCardNumber=123456788, address='ABC XYZ Street'}
11:32:12.645 [main] INFO  com.example.demo.Demo1Application - json{
"AccountNumber":"",
"phoneNumber":"XXX-XXX-3890",
"accountNumber":"45XXX6789",
"couponCode":"SUPERSALE"
}
11:32:12.648 [main] INFO  com.example.demo.Demo1Application - lastName=MXXXXX,firstName=MCHOME2
12:22:55.629 [main] INFO  com.example.demo.Demo1ApplicationTests - Starting Demo1ApplicationTests using Java 17.0.8 with PID 16892 (started by sadaq in E:\code_2023\masklog4japplicatio)
12:22:55.635 [main] INFO  com.example.demo.Demo1ApplicationTests - No active profile set, falling back to 1 default profile: "default"
12:22:56.597 [main] INFO  com.example.demo.Demo1ApplicationTests - Started Demo1ApplicationTests in 1.201 seconds (process running for 2.315)
12:24:23.108 [main] INFO  com.example.demo.Demo1ApplicationTests - Starting Demo1ApplicationTests using Java 17.0.8 with PID 16256 (started by sadaq in E:\code_2023\masklog4japplicatio)
12:24:23.123 [main] INFO  com.example.demo.Demo1ApplicationTests - No active profile set, falling back to 1 default profile: "default"
12:24:24.264 [main] INFO  com.example.demo.Demo1ApplicationTests - Started Demo1ApplicationTests in 1.357 seconds (process running for 2.321)
12:32:47.017 [main] INFO  com.example.demo.Demo1ApplicationTests - Starting Demo1ApplicationTests using Java 17.0.8 with PID 16852 (started by sadaq in E:\code_2023\masklog4japplicatio)
12:32:47.029 [main] INFO  com.example.demo.Demo1ApplicationTests - No active profile set, falling back to 1 default profile: "default"
12:32:47.981 [main] INFO  com.example.demo.Demo1ApplicationTests - Started Demo1ApplicationTests in 1.159 seconds (process running for 2.269)
12:36:35.043 [main] INFO  com.example.demo.Demo1ApplicationTests - Starting Demo1ApplicationTests using Java 17.0.8 with PID 5024 (started by sadaq in E:\code_2023\masklog4japplicatio)
12:36:35.043 [main] INFO  com.example.demo.Demo1ApplicationTests - No active profile set, falling back to 1 default profile: "default"
12:36:35.929 [main] INFO  com.example.demo.Demo1ApplicationTests - Started Demo1ApplicationTests in 1.068 seconds (process running for 2.109)
12:47:10.090 [main] INFO  com.example.demo.Demo1ApplicationTests - Starting Demo1ApplicationTests using Java 17.0.8 with PID 9000 (started by sadaq in E:\code_2023\masklog4japplicatio)
12:47:10.106 [main] INFO  com.example.demo.Demo1ApplicationTests - No active profile set, falling back to 1 default profile: "default"
12:47:11.026 [main] INFO  com.example.demo.Demo1ApplicationTests - Started Demo1ApplicationTests in 1.129 seconds (process running for 2.124)
12:48:57.003 [main] INFO  com.example.demo.Demo1ApplicationTests - Starting Demo1ApplicationTests using Java 17.0.8 with PID 15804 (started by sadaq in E:\code_2023\masklog4japplicatio)
12:48:57.008 [main] INFO  com.example.demo.Demo1ApplicationTests - No active profile set, falling back to 1 default profile: "default"
12:48:57.867 [main] INFO  com.example.demo.Demo1ApplicationTests - Started Demo1ApplicationTests in 1.04 seconds (process running for 1.968)
12:49:24.725 [main] INFO  com.example.demo.Demo1ApplicationTests - Starting Demo1ApplicationTests using Java 17.0.8 with PID 5432 (started by sadaq in E:\code_2023\masklog4japplicatio)
12:49:24.741 [main] INFO  com.example.demo.Demo1ApplicationTests - No active profile set, falling back to 1 default profile: "default"
12:49:25.622 [main] INFO  com.example.demo.Demo1ApplicationTests - Started Demo1ApplicationTests in 1.061 seconds (process running for 1.984)
12:50:43.299 [main] INFO  com.example.demo.Demo1ApplicationTests - Starting Demo1ApplicationTests using Java 17.0.8 with PID 5492 (started by sadaq in E:\code_2023\masklog4japplicatio)
12:50:43.314 [main] INFO  com.example.demo.Demo1ApplicationTests - No active profile set, falling back to 1 default profile: "default"
12:50:44.289 [main] INFO  com.example.demo.Demo1ApplicationTests - Started Demo1ApplicationTests in 1.202 seconds (process running for 2.203)
12:51:00.119 [main] INFO  com.example.demo.Demo1ApplicationTests - Starting Demo1ApplicationTests using Java 17.0.8 with PID 19188 (started by sadaq in E:\code_2023\masklog4japplicatio)
12:51:00.119 [main] INFO  com.example.demo.Demo1ApplicationTests - No active profile set, falling back to 1 default profile: "default"
12:51:01.009 [main] INFO  com.example.demo.Demo1ApplicationTests - Started Demo1ApplicationTests in 1.111 seconds (process running for 2.037)
12:52:19.052 [main] INFO  com.example.demo.Demo1ApplicationTests - Starting Demo1ApplicationTests using Java 17.0.8 with PID 21372 (started by sadaq in E:\code_2023\masklog4japplicatio)
12:52:19.068 [main] INFO  com.example.demo.Demo1ApplicationTests - No active profile set, falling back to 1 default profile: "default"
12:52:20.118 [main] INFO  com.example.demo.Demo1ApplicationTests - Started Demo1ApplicationTests in 1.289 seconds (process running for 2.763)
12:56:43.852 [main] INFO  com.example.demo.Demo1Application - json{
"AccountNumber":"",
"phoneNumber":"XXX-XXX-3890",
"accountNumber":"45XXX6789",
"couponCode":"SUPERSALE"
}
13:16:17.745 [main] INFO  com.example.demo.Demo1Application - Starting Demo1Application using Java 17.0.8 with PID 6504 (E:\code_2023\masklog4japplicatio\target\classes started by sadaq in E:\code_2023\masklog4japplicatio)
13:17:21.896 [main] INFO  com.example.demo.Demo1Application - No active profile set, falling back to 1 default profile: "default"
13:17:48.275 [main] INFO  com.example.demo.Demo1Application - Started Demo1Application in 91.008 seconds (process running for 92.034)
13:31:19.666 [main] INFO  com.example.demo.Demo1Application - Starting Demo1Application using Java 17.0.8 with PID 11644 (E:\code_2023\masklog4japplicatio\target\classes started by sadaq in E:\code_2023\masklog4japplicatio)
13:31:43.790 [main] INFO  com.example.demo.Demo1Application - No active profile set, falling back to 1 default profile: "default"
13:32:14.374 [main] INFO  com.example.demo.Demo1Application - Started Demo1Application in 55.176 seconds (process running for 58.914)
13:41:20.330 [main] INFO  com.example.demo.Demo1Application - Starting Demo1Application using Java 17.0.8 with PID 9868 (E:\code_2023\masklog4japplicatio\target\classes started by sadaq in E:\code_2023\masklog4japplicatio)
13:42:15.525 [main] INFO  com.example.demo.Demo1Application - No active profile set, falling back to 1 default profile: "default"
13:42:41.474 [main] INFO  com.example.demo.Demo1Application - Started Demo1Application in 81.593 seconds (process running for 82.502)
13:42:58.820 [main] INFO  com.example.demo.Demo1Application - Person Data {}Person{firstName='FXXXXXX', lastName='BXXXXXX', age=20, creditCardNumber=123456788, address='ABC XYZ Street'}
13:43:58.641 [main] INFO  com.example.demo.Demo1Application - json{
"AccountNumber":"",
"phoneNumber":"",
"accountNumber":"45XXX6789",
"couponCode":"SUPERSALE"
}
13:44:20.044 [main] INFO  com.example.demo.Demo1Application - lastName=MXXXXX,firstName=MCHOME2
13:46:40.032 [main] INFO  com.example.demo.Demo1Application - Starting Demo1Application using Java 17.0.8 with PID 7756 (E:\code_2023\masklog4japplicatio\target\classes started by sadaq in E:\code_2023\masklog4japplicatio)
13:46:40.047 [main] INFO  com.example.demo.Demo1Application - No active profile set, falling back to 1 default profile: "default"
13:46:41.727 [main] INFO  com.example.demo.Demo1Application - Started Demo1Application in 2.091 seconds (process running for 2.957)
13:46:41.732 [main] INFO  com.example.demo.Demo1Application - Person Data {}Person{firstName='FXXXXXX', lastName='BXXXXXX', age=20, creditCardNumber=123456788, address='ABC XYZ Street'}
13:46:41.734 [main] INFO  com.example.demo.Demo1Application - json{
"AccountNumber":"",
"phoneNumber":"",
"accountNumber":"45XXX6789",
"couponCode":"SUPERSALE"
}
13:46:41.738 [main] INFO  com.example.demo.Demo1Application - lastName=MXXXXX,firstName=MCHOME2
13:48:51.240 [main] INFO  com.example.demo.Demo1Application - Starting Demo1Application using Java 17.0.8 with PID 23264 (E:\code_2023\masklog4japplicatio\target\classes started by sadaq in E:\code_2023\masklog4japplicatio)
13:49:07.706 [main] INFO  com.example.demo.Demo1Application - No active profile set, falling back to 1 default profile: "default"
13:49:10.789 [main] INFO  com.example.demo.Demo1Application - Started Demo1Application in 20.103 seconds (process running for 21.004)
13:49:15.570 [main] INFO  com.example.demo.Demo1Application - Person Data {}Person{firstName='FXXXXXX', lastName='BXXXXXX', age=20, creditCardNumber=123456788, address='ABC XYZ Street'}
14:06:45.754 [main] INFO  com.example.demo.Demo1Application - Starting Demo1Application using Java 17.0.8 with PID 22188 (E:\code_2023\masklog4japplicatio\target\classes started by sadaq in E:\code_2023\masklog4japplicatio)
14:06:51.142 [main] INFO  com.example.demo.Demo1Application - No active profile set, falling back to 1 default profile: "default"
14:06:52.849 [main] INFO  com.example.demo.Demo1Application - Started Demo1Application in 7.612 seconds (process running for 8.541)
14:06:52.854 [main] INFO  com.example.demo.Demo1Application - Person Data {}Person{firstName='FXXXXXX', lastName='BXXXXXX', age=20, creditCardNumber=123456788, address='ABC XYZ Street'}
14:06:52.857 [main] INFO  com.example.demo.Demo1Application - json{
"AccountNumber":"",
"phoneNumber":"",
"accountNumber":"45XXX6789",
"couponCode":"SUPERSALE"
}
14:06:52.858 [main] INFO  com.example.demo.Demo1Application - lastName=MXXXXX,firstName=MCHOME2
14:10:30.379 [main] INFO  com.example.demo.Demo1Application - Starting Demo1Application using Java 17.0.8 with PID 4448 (E:\code_2023\masklog4japplicatio\target\classes started by sadaq in E:\code_2023\masklog4japplicatio)
14:10:30.398 [main] INFO  com.example.demo.Demo1Application - No active profile set, falling back to 1 default profile: "default"
14:10:32.068 [main] INFO  com.example.demo.Demo1Application - Started Demo1Application in 2.152 seconds (process running for 3.032)
14:10:32.073 [main] INFO  com.example.demo.Demo1Application - Person Data {AccountNumber}123456789
14:10:32.076 [main] INFO  com.example.demo.Demo1Application - lastName=MXXXXX,firstName=MCHOME2
14:12:03.763 [main] INFO  com.example.demo.Demo1Application - Starting Demo1Application using Java 17.0.8 with PID 16336 (E:\code_2023\masklog4japplicatio\target\classes started by sadaq in E:\code_2023\masklog4japplicatio)
14:12:03.778 [main] INFO  com.example.demo.Demo1Application - No active profile set, falling back to 1 default profile: "default"
14:12:05.455 [main] INFO  com.example.demo.Demo1Application - Started Demo1Application in 2.145 seconds (process running for 2.983)
14:12:05.459 [main] INFO  com.example.demo.Demo1Application - AccountNumber=123456789
14:12:05.461 [main] INFO  com.example.demo.Demo1Application - lastName=MXXXXX,firstName=MCHOME2
14:17:24.881 [main] INFO  com.example.demo.Demo1Application - Starting Demo1Application using Java 17.0.8 with PID 18212 (E:\code_2023\masklog4japplicatio\target\classes started by sadaq in E:\code_2023\masklog4japplicatio)
14:17:24.901 [main] INFO  com.example.demo.Demo1Application - No active profile set, falling back to 1 default profile: "default"
14:17:26.596 [main] INFO  com.example.demo.Demo1Application - Started Demo1Application in 2.174 seconds (process running for 2.97)
14:17:26.601 [main] INFO  com.example.demo.Demo1Application - Person Data {}Person [firstName=FXXXXXX, lastName=BXXXXXX, age=20, creditCardNumber=123456788, address=ABC XYZ Street, AccountNumber=123456789]
14:20:39.781 [main] INFO  com.example.demo.Demo1Application - Starting Demo1Application using Java 17.0.8 with PID 120 (E:\code_2023\masklog4japplicatio\target\classes started by sadaq in E:\code_2023\masklog4japplicatio)
14:20:39.795 [main] INFO  com.example.demo.Demo1Application - No active profile set, falling back to 1 default profile: "default"
14:20:41.122 [main] INFO  com.example.demo.Demo1Application - Started Demo1Application in 1.648 seconds (process running for 2.247)
14:20:41.126 [main] INFO  com.example.demo.Demo1Application - Person Data {}Person [firstName=FXXXXXX, lastName=BXXXXXX, age=20, creditCardNumber=123456788, address=ABC XYZ Street, AccountNumber=123456789]
14:21:53.668 [http-nio-8010-exec-1] INFO  com.example.demo.controller.PersonController - Person List [Person [firstName=FXX, lastName=BXX, age=25, creditCardNumber=123456789, address=ABC XYZ Street, AccountNumber=12345678,], Person [firstName=FXX, lastName=BXX, age=30, creditCardNumber=987654321, address=MNO PQR Street, AccountNumber=12345678,]]
14:21:53.708 [http-nio-8010-exec-1] INFO  com.example.demo.controller.PersonController - Person List - JSON output [{"firstName":"FXX","lastName":"BXX","age":25,"creditCardNumber":123456789,"address":"ABC XYZ Street","accountNumber":"12XXX678,"},{"firstName":"FXX","lastName":"BXX","age":30,"creditCardNumber":987654321,"address":"MNO PQR Street","accountNumber":"12XXX678,"}]
14:23:58.200 [main] INFO  com.example.demo.Demo1Application - Starting Demo1Application using Java 17.0.8 with PID 23592 (E:\code_2023\masklog4japplicatio\target\classes started by sadaq in E:\code_2023\masklog4japplicatio)
14:23:58.210 [main] INFO  com.example.demo.Demo1Application - No active profile set, falling back to 1 default profile: "default"
14:23:59.552 [main] INFO  com.example.demo.Demo1Application - Started Demo1Application in 1.682 seconds (process running for 2.242)
14:23:59.556 [main] INFO  com.example.demo.Demo1Application - Person Data {}Person [firstName=FXXXXXX, lastName=BXXXXXX, age=20, creditCardNumber=123456788, address=ABC XYZ Street, AccountNumber=123456789]
14:24:09.967 [http-nio-8010-exec-1] INFO  com.example.demo.controller.PersonController - Person List [Person [firstName=FXX, lastName=BXX, age=25, creditCardNumber=123456789, address=ABC XYZ Street, AccountNumber=12345678,], Person [firstName=FXX, lastName=BXX, age=30, creditCardNumber=987654321, address=MNO PQR Street, AccountNumber=12345678,]]
14:24:09.998 [http-nio-8010-exec-1] INFO  com.example.demo.controller.PersonController - Person List - JSON output [{"firstName":"FXX","lastName":"BXX","age":25,"creditCardNumber":123456789,"address":"ABC XYZ Street","accountNumber":"12XXX678,"},{"firstName":"FXX","lastName":"BXX","age":30,"creditCardNumber":987654321,"address":"MNO PQR Street","accountNumber":"12XXX678,"}]
14:25:59.805 [main] INFO  com.example.demo.Demo1Application - Starting Demo1Application using Java 17.0.8 with PID 15660 (E:\code_2023\masklog4japplicatio\target\classes started by sadaq in E:\code_2023\masklog4japplicatio)
14:25:59.817 [main] INFO  com.example.demo.Demo1Application - No active profile set, falling back to 1 default profile: "default"
14:26:01.180 [main] INFO  com.example.demo.Demo1Application - Started Demo1Application in 1.676 seconds (process running for 2.196)
14:26:01.185 [main] INFO  com.example.demo.Demo1Application - Person Data {}Person [firstName=FXXXXXX, lastName=BXXXXXX, age=20, creditCardNumber=123456788, address=ABC XYZ Street, AccountNumber=123456789]
14:26:01.187 [main] INFO  com.example.demo.Demo1Application - Person Data {AccountNumber}123456789
14:26:01.188 [main] INFO  com.example.demo.Demo1Application - json{
"accountNumber":"12XXX6789",
"phoneNumber":"",
"accountNumber":"12XXX6789",
"couponCode":"SUPERSALE"
}
14:26:01.190 [main] INFO  com.example.demo.Demo1Application - lastName=MXXXXX,firstName=MCHOME2
20:15:47.519 [main] INFO  com.example.demo.Demo1Application - Starting Demo1Application using Java 17.0.8 with PID 14252 (E:\code_2023\masklog4japplicatio\target\classes started by sadaq in E:\code_2023\masklog4japplicatio)
20:15:47.531 [main] INFO  com.example.demo.Demo1Application - No active profile set, falling back to 1 default profile: "default"
20:15:49.088 [main] INFO  com.example.demo.Demo1Application - Started Demo1Application in 1.895 seconds (process running for 2.48)
20:15:49.102 [main] INFO  com.example.demo.Demo1Application - Person Data {}Person [firstName=FXXXXXX, lastName=BXXXXXX, age=20, creditCardNumber=123456788, address=ABC XYZ Street, AccountNumber=123456789]
20:15:49.105 [main] INFO  com.example.demo.Demo1Application - Person Data {AccountNumber}123456789
20:15:49.107 [main] INFO  com.example.demo.Demo1Application - json{
"accountNumber":"12XXX6789",
"phoneNumber":"",
"accountNumber":"12XXX6789",
"couponCode":"SUPERSALE"
}
20:15:49.111 [main] INFO  com.example.demo.Demo1Application - phoneNumber=''
20:15:49.114 [main] INFO  com.example.demo.Demo1Application - lastName=MXXXXX,firstName=MCHOME2
20:16:22.190 [main] INFO  com.example.demo.Demo1Application - Starting Demo1Application using Java 17.0.8 with PID 22004 (E:\code_2023\masklog4japplicatio\target\classes started by sadaq in E:\code_2023\masklog4japplicatio)
20:16:22.207 [main] INFO  com.example.demo.Demo1Application - No active profile set, falling back to 1 default profile: "default"
20:16:23.603 [main] INFO  com.example.demo.Demo1Application - Started Demo1Application in 1.732 seconds (process running for 2.364)
20:16:23.608 [main] INFO  com.example.demo.Demo1Application - Person Data {}Person [firstName=FXXXXXX, lastName=BXXXXXX, age=20, creditCardNumber=123456788, address=ABC XYZ Street, AccountNumber=123456789]
20:16:23.610 [main] INFO  com.example.demo.Demo1Application - Person Data {AccountNumber}123456789
20:16:23.612 [main] INFO  com.example.demo.Demo1Application - json{
"AccountNumber":"",
"phoneNumber":"",
"accountNumber":"45XXX6789",
"couponCode":"SUPERSALE"
}
20:16:23.614 [main] INFO  com.example.demo.Demo1Application - phoneNumber=''
20:16:23.615 [main] INFO  com.example.demo.Demo1Application - lastName=MXXXXX,firstName=MCHOME2
20:17:38.148 [main] INFO  com.example.demo.Demo1Application - Starting Demo1Application using Java 17.0.8 with PID 15320 (E:\code_2023\masklog4japplicatio\target\classes started by sadaq in E:\code_2023\masklog4japplicatio)
20:17:38.158 [main] INFO  com.example.demo.Demo1Application - No active profile set, falling back to 1 default profile: "default"
20:17:39.413 [main] INFO  com.example.demo.Demo1Application - Started Demo1Application in 1.564 seconds (process running for 2.096)
20:17:39.416 [main] INFO  com.example.demo.Demo1Application - Person Data {}Person [firstName=FXXXXXX, lastName=BXXXXXX, age=20, creditCardNumber=123456788, address=ABC XYZ Street, AccountNumber=123456789]
20:17:39.418 [main] INFO  com.example.demo.Demo1Application - Person Data {AccountNumber}123456789
20:17:39.419 [main] INFO  com.example.demo.Demo1Application - json{
"AccountNumber":"",
"phoneNumber":"",
"accountNumber":"45XXX6789",
"couponCode":"SUPERSALE"
}
20:17:39.421 [main] INFO  com.example.demo.Demo1Application - phoneNumber=''
20:17:39.422 [main] INFO  com.example.demo.Demo1Application - lastName=MXXXXX,firstName=MCHOME2
20:17:48.714 [main] INFO  com.example.demo.Demo1Application - Starting Demo1Application using Java 17.0.8 with PID 6412 (E:\code_2023\masklog4japplicatio\target\classes started by sadaq in E:\code_2023\masklog4japplicatio)
20:17:48.723 [main] INFO  com.example.demo.Demo1Application - No active profile set, falling back to 1 default profile: "default"
20:17:49.905 [main] INFO  com.example.demo.Demo1Application - Started Demo1Application in 1.488 seconds (process running for 2.033)
20:17:49.912 [main] INFO  com.example.demo.Demo1Application - Person Data {}Person [firstName=FXXXXXX, lastName=BXXXXXX, age=20, creditCardNumber=123456788, address=ABC XYZ Street, AccountNumber=123456789]
20:17:49.914 [main] INFO  com.example.demo.Demo1Application - Person Data {AccountNumber}123456789
20:17:49.916 [main] INFO  com.example.demo.Demo1Application - json{
"AccountNumber":"",
"phoneNumber":"",
"accountNumber":"45XXX6789",
"couponCode":"SUPERSALE"
}
20:17:49.917 [main] INFO  com.example.demo.Demo1Application - phoneNumber=''
20:17:49.918 [main] INFO  com.example.demo.Demo1Application - lastName=MXXXXX,firstName=MCHOME2
20:19:53.881 [main] INFO  com.example.demo.Demo1Application - Starting Demo1Application using Java 17.0.8 with PID 8100 (E:\code_2023\masklog4japplicatio\target\classes started by sadaq in E:\code_2023\masklog4japplicatio)
20:19:53.906 [main] INFO  com.example.demo.Demo1Application - No active profile set, falling back to 1 default profile: "default"
20:19:55.593 [main] INFO  com.example.demo.Demo1Application - Started Demo1Application in 2.125 seconds (process running for 2.881)
20:19:55.597 [main] INFO  com.example.demo.Demo1Application - Person Data {}Person [firstName=FXXXXXX, lastName=BXXXXXX, age=20, creditCardNumber=123456788, address=ABC XYZ Street, AccountNumber=123456789]
20:25:41.465 [main] INFO  com.example.demo.Demo1Application - Starting Demo1Application using Java 17.0.8 with PID 20632 (E:\code_2023\masklog4japplicatio\target\classes started by sadaq in E:\code_2023\masklog4japplicatio)
20:25:41.479 [main] INFO  com.example.demo.Demo1Application - No active profile set, falling back to 1 default profile: "default"
20:25:43.091 [main] INFO  com.example.demo.Demo1Application - Started Demo1Application in 2.115 seconds (process running for 3.079)
20:25:43.096 [main] INFO  com.example.demo.Demo1Application - Person Data {}Person [firstName=FXXXXXX, lastName=BXXXXXX, age=20, creditCardNumber=123456788, address=ABC XYZ Street, AccountNumber=123456789]
20:26:19.268 [main] INFO  com.example.demo.Demo1Application - Person Data {AccountNumber}123456789
20:26:52.723 [main] INFO  com.example.demo.Demo1Application - json{
"AccountNumber":"",
"phoneNumber":"",
"accountNumber":"45XXX6789",
"couponCode":"SUPERSALE"
}
20:26:55.107 [main] INFO  com.example.demo.Demo1Application - phoneNumber=''
20:26:56.655 [main] INFO  com.example.demo.Demo1Application - lastName=MXXXXX,firstName=MCHOME2
20:36:31.801 [main] INFO  com.example.demo.Demo1Application - Starting Demo1Application using Java 17.0.8 with PID 8720 (E:\code_2023\masklog4japplicatio\target\classes started by sadaq in E:\code_2023\masklog4japplicatio)
20:36:31.825 [main] INFO  com.example.demo.Demo1Application - No active profile set, falling back to 1 default profile: "default"
20:36:33.197 [main] INFO  com.example.demo.Demo1Application - Started Demo1Application in 1.707 seconds (process running for 2.281)
20:36:33.202 [main] INFO  com.example.demo.Demo1Application - Person Data {}Person [firstName=FXXXXXX, lastName=BXXXXXX, age=20, creditCardNumber=123456788, address=ABC XYZ Street, AccountNumber=123456789]
20:36:33.205 [main] INFO  com.example.demo.Demo1Application - Person Data {AccountNumber}123456789
20:36:33.207 [main] INFO  com.example.demo.Demo1Application - json{
"accountNumber":"12XXX6789",
"phoneNumber":"",
"AccountNumber":"",
"couponCode":"SUPERSALE"
}
20:36:33.209 [main] INFO  com.example.demo.Demo1Application - phoneNumber=''
20:36:33.210 [main] INFO  com.example.demo.Demo1Application - lastName=MXXXXX,firstName=MCHOME2
20:37:47.811 [main] INFO  com.example.demo.Demo1Application - Starting Demo1Application using Java 17.0.8 with PID 3492 (E:\code_2023\masklog4japplicatio\target\classes started by sadaq in E:\code_2023\masklog4japplicatio)
20:37:47.828 [main] INFO  com.example.demo.Demo1Application - No active profile set, falling back to 1 default profile: "default"
20:37:49.119 [main] INFO  com.example.demo.Demo1Application - Started Demo1Application in 1.6 seconds (process running for 2.162)
20:37:49.123 [main] INFO  com.example.demo.Demo1Application - Person Data {}Person [firstName=FXXXXXX, lastName=BXXXXXX, age=20, creditCardNumber=123456788, address=ABC XYZ Street, AccountNumber=123456789]
20:37:49.126 [main] INFO  com.example.demo.Demo1Application - Person Data {AccountNumber}123456789
20:37:49.127 [main] INFO  com.example.demo.Demo1Application - json{
"accountNumber":"123456789",
"phoneNumber":"",
"AccountNumber":"",
"couponCode":"SUPERSALE"
}
20:37:49.128 [main] INFO  com.example.demo.Demo1Application - phoneNumber=''
20:37:49.129 [main] INFO  com.example.demo.Demo1Application - lastName=MXXXXX,firstName=MCHOME2
20:38:42.229 [main] INFO  com.example.demo.Demo1Application - Starting Demo1Application using Java 17.0.8 with PID 24388 (E:\code_2023\masklog4japplicatio\target\classes started by sadaq in E:\code_2023\masklog4japplicatio)
20:38:42.243 [main] INFO  com.example.demo.Demo1Application - No active profile set, falling back to 1 default profile: "default"
20:38:43.630 [main] INFO  com.example.demo.Demo1Application - Started Demo1Application in 1.728 seconds (process running for 2.273)
20:38:43.635 [main] INFO  com.example.demo.Demo1Application - Person Data {}Person [firstName=FXXXXXX, lastName=BXXXXXX, age=20, creditCardNumber=123456788, address=ABC XYZ Street, AccountNumber=123456789]
20:38:43.638 [main] INFO  com.example.demo.Demo1Application - Person Data {AccountNumber}123456789
20:38:43.639 [main] INFO  com.example.demo.Demo1Application - json{
"accountNumber":"12XXX6789",
"phoneNumber":"",
"AccountNumber":"",
"couponCode":"SUPERSALE"
}
20:38:43.641 [main] INFO  com.example.demo.Demo1Application - phoneNumber=''
20:38:43.642 [main] INFO  com.example.demo.Demo1Application - lastName=MXXXXX,firstName=MCHOME2
20:40:49.938 [main] INFO  com.example.demo.Demo1Application - Starting Demo1Application using Java 17.0.8 with PID 19228 (E:\code_2023\masklog4japplicatio\target\classes started by sadaq in E:\code_2023\masklog4japplicatio)
20:40:49.947 [main] INFO  com.example.demo.Demo1Application - No active profile set, falling back to 1 default profile: "default"
20:40:51.234 [main] INFO  com.example.demo.Demo1Application - Started Demo1Application in 1.602 seconds (process running for 2.222)
20:40:51.238 [main] INFO  com.example.demo.Demo1Application - Person Data {}Person [firstName=FXXXXXX, lastName=BXXXXXX, age=20, creditCardNumber=123456788, address=ABC XYZ Street, AccountNumber=123456789]
20:40:51.241 [main] INFO  com.example.demo.Demo1Application - Person Data {AccountNumber}123456789
20:40:51.242 [main] INFO  com.example.demo.Demo1Application - json{
"accountNumber":"12XXX6789",
"phoneNumber":"",
"AccountNumber":"",
"couponCode":"SUPERSALE"
}
20:40:51.243 [main] INFO  com.example.demo.Demo1Application - phoneNumber=''
20:40:51.244 [main] INFO  com.example.demo.Demo1Application - lastName=MXXXXX,firstName=MCHOME2
20:41:37.140 [http-nio-8010-exec-1] INFO  com.example.demo.controller.PersonController - Person List [Person [firstName=FXX, lastName=BXX, age=25, creditCardNumber=123456789, address=ABC XYZ Street, AccountNumber=12345678,], Person [firstName=FXX, lastName=BXX, age=30, creditCardNumber=987654321, address=MNO PQR Street, AccountNumber=12345678,]]
20:41:37.177 [http-nio-8010-exec-1] INFO  com.example.demo.controller.PersonController - Person List - JSON output [{"firstName":"FXX","lastName":"BXX","age":25,"creditCardNumber":123456789,"address":"ABC XYZ Street","accountNumber":"12XXX678,"},{"firstName":"FXX","lastName":"BXX","age":30,"creditCardNumber":987654321,"address":"MNO PQR Street","accountNumber":"12XXX678,"}]
